<?xml version="1.0" encoding="UTF-8"?>
<testsuite name="com.thoughtworks.capability.gtb.bob.BobApplicationTests" tests="1" skipped="0" failures="0" errors="0" timestamp="2020-06-07T15:29:19" hostname="yichis-MacBook-Pro.local" time="0.223">
  <properties/>
  <testcase name="contextLoads()" classname="com.thoughtworks.capability.gtb.bob.BobApplicationTests" time="0.223"/>
  <system-out><![CDATA[23:29:18.167 [Test worker] DEBUG org.springframework.test.context.BootstrapUtils - Instantiating CacheAwareContextLoaderDelegate from class [org.springframework.test.context.cache.DefaultCacheAwareContextLoaderDelegate]
23:29:18.176 [Test worker] DEBUG org.springframework.test.context.BootstrapUtils - Instantiating BootstrapContext using constructor [public org.springframework.test.context.support.DefaultBootstrapContext(java.lang.Class,org.springframework.test.context.CacheAwareContextLoaderDelegate)]
23:29:18.196 [Test worker] DEBUG org.springframework.test.context.BootstrapUtils - Instantiating TestContextBootstrapper for test class [com.thoughtworks.capability.gtb.bob.BobApplicationTests] from class [org.springframework.boot.test.context.SpringBootTestContextBootstrapper]
23:29:18.205 [Test worker] INFO org.springframework.boot.test.context.SpringBootTestContextBootstrapper - Neither @ContextConfiguration nor @ContextHierarchy found for test class [com.thoughtworks.capability.gtb.bob.BobApplicationTests], using SpringBootContextLoader
23:29:18.208 [Test worker] DEBUG org.springframework.test.context.support.AbstractContextLoader - Did not detect default resource location for test class [com.thoughtworks.capability.gtb.bob.BobApplicationTests]: class path resource [com/thoughtworks/capability/gtb/bob/BobApplicationTests-context.xml] does not exist
23:29:18.208 [Test worker] DEBUG org.springframework.test.context.support.AbstractContextLoader - Did not detect default resource location for test class [com.thoughtworks.capability.gtb.bob.BobApplicationTests]: class path resource [com/thoughtworks/capability/gtb/bob/BobApplicationTestsContext.groovy] does not exist
23:29:18.209 [Test worker] INFO org.springframework.test.context.support.AbstractContextLoader - Could not detect default resource locations for test class [com.thoughtworks.capability.gtb.bob.BobApplicationTests]: no resource found for suffixes {-context.xml, Context.groovy}.
23:29:18.209 [Test worker] INFO org.springframework.test.context.support.AnnotationConfigContextLoaderUtils - Could not detect default configuration classes for test class [com.thoughtworks.capability.gtb.bob.BobApplicationTests]: BobApplicationTests does not declare any static, non-private, non-final, nested classes annotated with @Configuration.
23:29:18.235 [Test worker] DEBUG org.springframework.test.context.support.ActiveProfilesUtils - Could not find an 'annotation declaring class' for annotation type [org.springframework.test.context.ActiveProfiles] and class [com.thoughtworks.capability.gtb.bob.BobApplicationTests]
23:29:18.288 [Test worker] DEBUG org.springframework.context.annotation.ClassPathScanningCandidateComponentProvider - Identified candidate component class: file [/Users/zycsustc/GTB/C-docker-and-docker-compose-basics-homework/bob/build/classes/java/main/com/thoughtworks/capability/gtb/bob/BobApplication.class]
23:29:18.289 [Test worker] INFO org.springframework.boot.test.context.SpringBootTestContextBootstrapper - Found @SpringBootConfiguration com.thoughtworks.capability.gtb.bob.BobApplication for test class com.thoughtworks.capability.gtb.bob.BobApplicationTests
23:29:18.352 [Test worker] DEBUG org.springframework.boot.test.context.SpringBootTestContextBootstrapper - @TestExecutionListeners is not present for class [com.thoughtworks.capability.gtb.bob.BobApplicationTests]: using defaults.
23:29:18.352 [Test worker] INFO org.springframework.boot.test.context.SpringBootTestContextBootstrapper - Loaded default TestExecutionListener class names from location [META-INF/spring.factories]: [org.springframework.boot.test.autoconfigure.restdocs.RestDocsTestExecutionListener, org.springframework.boot.test.autoconfigure.web.client.MockRestServiceServerResetTestExecutionListener, org.springframework.boot.test.autoconfigure.web.servlet.MockMvcPrintOnlyOnFailureTestExecutionListener, org.springframework.boot.test.autoconfigure.web.servlet.WebDriverTestExecutionListener, org.springframework.boot.test.autoconfigure.webservices.client.MockWebServiceServerTestExecutionListener, org.springframework.boot.test.mock.mockito.MockitoTestExecutionListener, org.springframework.boot.test.mock.mockito.ResetMocksTestExecutionListener, org.springframework.test.context.web.ServletTestExecutionListener, org.springframework.test.context.support.DirtiesContextBeforeModesTestExecutionListener, org.springframework.test.context.support.DependencyInjectionTestExecutionListener, org.springframework.test.context.support.DirtiesContextTestExecutionListener, org.springframework.test.context.transaction.TransactionalTestExecutionListener, org.springframework.test.context.jdbc.SqlScriptsTestExecutionListener, org.springframework.test.context.event.EventPublishingTestExecutionListener]
23:29:18.359 [Test worker] DEBUG org.springframework.boot.test.context.SpringBootTestContextBootstrapper - Skipping candidate TestExecutionListener [org.springframework.test.context.transaction.TransactionalTestExecutionListener] due to a missing dependency. Specify custom listener classes or make the default listener classes and their required dependencies available. Offending class: [org/springframework/transaction/interceptor/TransactionAttributeSource]
23:29:18.359 [Test worker] DEBUG org.springframework.boot.test.context.SpringBootTestContextBootstrapper - Skipping candidate TestExecutionListener [org.springframework.test.context.jdbc.SqlScriptsTestExecutionListener] due to a missing dependency. Specify custom listener classes or make the default listener classes and their required dependencies available. Offending class: [org/springframework/transaction/interceptor/TransactionAttribute]
23:29:18.360 [Test worker] INFO org.springframework.boot.test.context.SpringBootTestContextBootstrapper - Using TestExecutionListeners: [org.springframework.test.context.web.ServletTestExecutionListener@4c221135, org.springframework.test.context.support.DirtiesContextBeforeModesTestExecutionListener@65a78d3, org.springframework.boot.test.mock.mockito.MockitoTestExecutionListener@45802aed, org.springframework.boot.test.autoconfigure.SpringBootDependencyInjectionTestExecutionListener@eeaa2f, org.springframework.test.context.support.DirtiesContextTestExecutionListener@5c19b8be, org.springframework.test.context.event.EventPublishingTestExecutionListener@950cf0e, org.springframework.boot.test.autoconfigure.restdocs.RestDocsTestExecutionListener@4d434b8b, org.springframework.boot.test.autoconfigure.web.client.MockRestServiceServerResetTestExecutionListener@38892fde, org.springframework.boot.test.autoconfigure.web.servlet.MockMvcPrintOnlyOnFailureTestExecutionListener@29c4bc39, org.springframework.boot.test.autoconfigure.web.servlet.WebDriverTestExecutionListener@26e33eb0, org.springframework.boot.test.autoconfigure.webservices.client.MockWebServiceServerTestExecutionListener@71ab26f4, org.springframework.boot.test.mock.mockito.ResetMocksTestExecutionListener@2d10c0]
23:29:18.362 [Test worker] DEBUG org.springframework.test.context.support.AbstractDirtiesContextTestExecutionListener - Before test class: context [DefaultTestContext@c5b990d testClass = BobApplicationTests, testInstance = [null], testMethod = [null], testException = [null], mergedContextConfiguration = [WebMergedContextConfiguration@51e9363b testClass = BobApplicationTests, locations = '{}', classes = '{class com.thoughtworks.capability.gtb.bob.BobApplication}', contextInitializerClasses = '[]', activeProfiles = '{}', propertySourceLocations = '{}', propertySourceProperties = '{org.springframework.boot.test.context.SpringBootTestContextBootstrapper=true}', contextCustomizers = set[org.springframework.boot.test.autoconfigure.properties.PropertyMappingContextCustomizer@0, org.springframework.boot.test.autoconfigure.web.servlet.WebDriverContextCustomizerFactory$Customizer@6d662a97, org.springframework.boot.test.context.filter.ExcludeFilterContextCustomizer@22eac182, org.springframework.boot.test.json.DuplicateJsonObjectContextCustomizerFactory$DuplicateJsonObjectContextCustomizer@46772b4a, org.springframework.boot.test.mock.mockito.MockitoContextCustomizer@0, org.springframework.boot.test.web.client.TestRestTemplateContextCustomizer@2528d5ec, org.springframework.boot.test.context.SpringBootTestArgs@1], resourceBasePath = 'src/main/webapp', contextLoader = 'org.springframework.boot.test.context.SpringBootContextLoader', parent = [null]], attributes = map['org.springframework.test.context.web.ServletTestExecutionListener.activateListener' -> true]], class annotated with @DirtiesContext [false] with mode [null].
23:29:18.381 [Test worker] DEBUG org.springframework.test.context.support.TestPropertySourceUtils - Adding inlined properties to environment: {spring.jmx.enabled=false, org.springframework.boot.test.context.SpringBootTestContextBootstrapper=true}

  .   ____          _            __ _ _
 /\\ / ___'_ __ _ _(_)_ __  __ _ \ \ \ \
( ( )\___ | '_ | '_| | '_ \/ _` | \ \ \ \
 \\/  ___)| |_)| | | | | || (_| |  ) ) ) )
  '  |____| .__|_| |_|_| |_\__, | / / / /
 =========|_|==============|___/=/_/_/_/
 :: Spring Boot ::        (v2.3.0.RELEASE)

2020-06-07 23:29:18.587  INFO 8104 --- [    Test worker] c.t.c.gtb.bob.BobApplicationTests        : Starting BobApplicationTests on yichis-MacBook-Pro.local with PID 8104 (started by zycsustc in /Users/zycsustc/GTB/C-docker-and-docker-compose-basics-homework/bob)
2020-06-07 23:29:18.588  INFO 8104 --- [    Test worker] c.t.c.gtb.bob.BobApplicationTests        : No active profile set, falling back to default profiles: default
2020-06-07 23:29:19.380  INFO 8104 --- [    Test worker] o.s.s.concurrent.ThreadPoolTaskExecutor  : Initializing ExecutorService 'applicationTaskExecutor'
2020-06-07 23:29:19.569  INFO 8104 --- [    Test worker] c.t.c.gtb.bob.BobApplicationTests        : Started BobApplicationTests in 1.181 seconds (JVM running for 2.012)
]]></system-out>
  <system-err><![CDATA[]]></system-err>
</testsuite>
